Assembler report for DE10_LITE_D8M_VIP
Mon May 24 17:03:33 2021
Quartus Prime Version 16.1.0 Build 196 10/24/2016 SJ Lite Edition


---------------------
; Table of Contents ;
---------------------
  1. Legal Notice
  2. Assembler Summary
  3. Assembler Settings
  4. Assembler Encrypted IP Cores Summary
  5. Assembler Generated Files
  6. Assembler Device Options: C:/Users/tansi/Documents/Imperial_College_London/Year2_Project/Group7_design_project/Vision_Subsystem/DE10_LITE_D8M_VIP_16/output_files/DE10_LITE_D8M_VIP_time_limited.sof
  7. Assembler Messages



----------------
; Legal Notice ;
----------------
Copyright (C) 2016  Intel Corporation. All rights reserved.
Your use of Intel Corporation's design tools, logic functions 
and other software and tools, and its AMPP partner logic 
functions, and any output files from any of the foregoing 
(including device programming or simulation files), and any 
associated documentation or information are expressly subject 
to the terms and conditions of the Intel Program License 
Subscription Agreement, the Intel Quartus Prime License Agreement,
the Intel MegaCore Function License Agreement, or other 
applicable license agreement, including, without limitation, 
that your use is for the sole purpose of programming logic 
devices manufactured by Intel and sold by Intel or its 
authorized distributors.  Please refer to the applicable 
agreement for further details.



+---------------------------------------------------------------+
; Assembler Summary                                             ;
+-----------------------+---------------------------------------+
; Assembler Status      ; Successful - Mon May 24 17:03:33 2021 ;
; Revision Name         ; DE10_LITE_D8M_VIP                     ;
; Top-level Entity Name ; DE10_LITE_D8M_VIP                     ;
; Family                ; MAX 10                                ;
; Device                ; 10M50DAF484C7G                        ;
+-----------------------+---------------------------------------+


+----------------------------------+
; Assembler Settings               ;
+--------+---------+---------------+
; Option ; Setting ; Default Value ;
+--------+---------+---------------+


+-----------------------------------------------------------+
; Assembler Encrypted IP Cores Summary                      ;
+--------+----------------------------------+---------------+
; Vendor ; IP Core Name                     ; License Type  ;
+--------+----------------------------------+---------------+
; Altera ; Nios II Processor (6AF7 00A2)    ; OpenCore Plus ;
; Altera ; "Frame Buffer" (6AF7 00C3)       ; OpenCore Plus ;
; Altera ; VIP 2D FIR Filter II (6AF7 00F8) ; OpenCore Plus ;
; Altera ; Signal Tap (6AF7 BCE1)           ; Licensed      ;
; Altera ; Signal Tap (6AF7 BCEC)           ; Licensed      ;
; Altera ; Unknown (6AF7 FFFF)              ; Licensed      ;
+--------+----------------------------------+---------------+


+----------------------------------------------------------------------------------------------------------------------------------------------------------------------------+
; Assembler Generated Files                                                                                                                                                  ;
+----------------------------------------------------------------------------------------------------------------------------------------------------------------------------+
; File Name                                                                                                                                                                  ;
+----------------------------------------------------------------------------------------------------------------------------------------------------------------------------+
; C:/Users/tansi/Documents/Imperial_College_London/Year2_Project/Group7_design_project/Vision_Subsystem/DE10_LITE_D8M_VIP_16/output_files/DE10_LITE_D8M_VIP_time_limited.sof ;
+----------------------------------------------------------------------------------------------------------------------------------------------------------------------------+


+------------------------------------------------------------------------------------------------------------------------------------------------------------------------------------------------------+
; Assembler Device Options: C:/Users/tansi/Documents/Imperial_College_London/Year2_Project/Group7_design_project/Vision_Subsystem/DE10_LITE_D8M_VIP_16/output_files/DE10_LITE_D8M_VIP_time_limited.sof ;
+----------------+-------------------------------------------------------------------------------------------------------------------------------------------------------------------------------------+
; Option         ; Setting                                                                                                                                                                             ;
+----------------+-------------------------------------------------------------------------------------------------------------------------------------------------------------------------------------+
; Device         ; 10M50DAF484C7G                                                                                                                                                                      ;
; JTAG usercode  ; 0x0173F15F                                                                                                                                                                          ;
; Checksum       ; 0x0173F15F                                                                                                                                                                          ;
+----------------+-------------------------------------------------------------------------------------------------------------------------------------------------------------------------------------+


+--------------------+
; Assembler Messages ;
+--------------------+
Info: *******************************************************************
Info: Running Quartus Prime Assembler
    Info: Version 16.1.0 Build 196 10/24/2016 SJ Lite Edition
    Info: Processing started: Mon May 24 17:03:24 2021
Info: Command: quartus_asm --read_settings_files=off --write_settings_files=off DE10_LITE_D8M_VIP -c DE10_LITE_D8M_VIP
Info (115031): Writing out detailed assembly data for power analysis
Info (115030): Assembler is generating device programming files
Info (115017): Design contains a time-limited core -- only a single, time-limited programming file can be generated
Info: Quartus Prime Assembler was successful. 0 errors, 0 warnings
    Info: Peak virtual memory: 4796 megabytes
    Info: Processing ended: Mon May 24 17:03:33 2021
    Info: Elapsed time: 00:00:09
    Info: Total CPU time (on all processors): 00:00:08


